빌드 시작: 2016-10-31 오후 6:40:11
     1>2 노드의 "c:\Users\NFS\documents\visual studio 2013\Projects\FaceWarping\FaceWarping\FaceWarping.vcxproj" 프로젝트(Build 대상)입니다.
     1>ClCompile:
         C:\Program Files (x86)\Microsoft Visual Studio 12.0\VC\bin\CL.exe /c /I..\Eigen /I"..\superviseddescent/3rdparty/cereal-1.1.1/include" /I..\superviseddescent/include /IC:\opencv\build\include /I"..\dlib-18.16" /Zi /nologo /W3 /WX- /sdl /O2 /Oi /Oy- /GL /D _CRT_SECURE_NO_WARNINGS /D _MBCS /Gm- /EHsc /MD /GS /Gy /fp:precise /Zc:wchar_t /Zc:forScope /Fo"Release\\" /Fd"Release\vc120.pdb" /Gd /TP /analyze- /errorReport:prompt main.cpp
         main.cpp
     1>main.cpp(341): warning C4305: '초기화 중' : '__int64'에서 'float'(으)로 잘립니다.
     1>main.cpp(563): warning C4244: '=' : 'float'에서 'int'(으)로 변환하면서 데이터가 손실될 수 있습니다.
     1>main.cpp(564): warning C4244: '=' : 'float'에서 'int'(으)로 변환하면서 데이터가 손실될 수 있습니다.
     1>main.cpp(565): warning C4244: '=' : 'float'에서 'int'(으)로 변환하면서 데이터가 손실될 수 있습니다.
     1>main.cpp(566): warning C4244: '=' : 'float'에서 'int'(으)로 변환하면서 데이터가 손실될 수 있습니다.
     1>main.cpp(567): warning C4244: '=' : 'float'에서 'int'(으)로 변환하면서 데이터가 손실될 수 있습니다.
     1>main.cpp(568): warning C4244: '=' : 'float'에서 'int'(으)로 변환하면서 데이터가 손실될 수 있습니다.
     1>main.cpp(569): warning C4244: '=' : 'float'에서 'int'(으)로 변환하면서 데이터가 손실될 수 있습니다.
     1>main.cpp(571): warning C4244: '=' : 'float'에서 'int'(으)로 변환하면서 데이터가 손실될 수 있습니다.
     1>main.cpp(572): warning C4244: '=' : 'float'에서 'int'(으)로 변환하면서 데이터가 손실될 수 있습니다.
     1>main.cpp(573): warning C4244: '=' : 'float'에서 'int'(으)로 변환하면서 데이터가 손실될 수 있습니다.
     1>main.cpp(574): warning C4244: '=' : 'float'에서 'int'(으)로 변환하면서 데이터가 손실될 수 있습니다.
     1>main.cpp(575): warning C4244: '=' : 'float'에서 'int'(으)로 변환하면서 데이터가 손실될 수 있습니다.
     1>main.cpp(576): warning C4244: '=' : 'float'에서 'int'(으)로 변환하면서 데이터가 손실될 수 있습니다.
     1>main.cpp(577): warning C4244: '=' : 'float'에서 'int'(으)로 변환하면서 데이터가 손실될 수 있습니다.
     1>main.cpp(579): warning C4244: '=' : 'float'에서 'int'(으)로 변환하면서 데이터가 손실될 수 있습니다.
     1>main.cpp(580): warning C4244: '=' : 'float'에서 'int'(으)로 변환하면서 데이터가 손실될 수 있습니다.
     1>main.cpp(581): warning C4244: '=' : 'float'에서 'int'(으)로 변환하면서 데이터가 손실될 수 있습니다.
     1>main.cpp(582): warning C4244: '=' : 'float'에서 'int'(으)로 변환하면서 데이터가 손실될 수 있습니다.
     1>main.cpp(583): warning C4244: '=' : 'float'에서 'int'(으)로 변환하면서 데이터가 손실될 수 있습니다.
     1>main.cpp(584): warning C4244: '=' : 'float'에서 'int'(으)로 변환하면서 데이터가 손실될 수 있습니다.
     1>main.cpp(585): warning C4244: '=' : 'float'에서 'int'(으)로 변환하면서 데이터가 손실될 수 있습니다.
     1>main.cpp(587): warning C4244: '=' : 'float'에서 'int'(으)로 변환하면서 데이터가 손실될 수 있습니다.
     1>main.cpp(588): warning C4244: '=' : 'float'에서 'int'(으)로 변환하면서 데이터가 손실될 수 있습니다.
     1>main.cpp(589): warning C4244: '=' : 'float'에서 'int'(으)로 변환하면서 데이터가 손실될 수 있습니다.
     1>main.cpp(590): warning C4244: '=' : 'float'에서 'int'(으)로 변환하면서 데이터가 손실될 수 있습니다.
     1>main.cpp(591): warning C4244: '=' : 'float'에서 'int'(으)로 변환하면서 데이터가 손실될 수 있습니다.
     1>main.cpp(592): warning C4244: '=' : 'float'에서 'int'(으)로 변환하면서 데이터가 손실될 수 있습니다.
     1>main.cpp(593): warning C4244: '=' : 'float'에서 'int'(으)로 변환하면서 데이터가 손실될 수 있습니다.
     1>main.cpp(595): warning C4244: '=' : 'float'에서 'int'(으)로 변환하면서 데이터가 손실될 수 있습니다.
     1>main.cpp(596): warning C4244: '=' : 'float'에서 'int'(으)로 변환하면서 데이터가 손실될 수 있습니다.
     1>main.cpp(597): warning C4244: '=' : 'float'에서 'int'(으)로 변환하면서 데이터가 손실될 수 있습니다.
     1>main.cpp(598): warning C4244: '=' : 'float'에서 'int'(으)로 변환하면서 데이터가 손실될 수 있습니다.
     1>main.cpp(599): warning C4244: '=' : 'float'에서 'int'(으)로 변환하면서 데이터가 손실될 수 있습니다.
     1>main.cpp(600): warning C4244: '=' : 'float'에서 'int'(으)로 변환하면서 데이터가 손실될 수 있습니다.
     1>main.cpp(601): warning C4244: '=' : 'float'에서 'int'(으)로 변환하면서 데이터가 손실될 수 있습니다.
     1>main.cpp(603): warning C4244: '=' : 'float'에서 'int'(으)로 변환하면서 데이터가 손실될 수 있습니다.
     1>main.cpp(604): warning C4244: '=' : 'float'에서 'int'(으)로 변환하면서 데이터가 손실될 수 있습니다.
     1>main.cpp(605): warning C4244: '=' : 'float'에서 'int'(으)로 변환하면서 데이터가 손실될 수 있습니다.
     1>main.cpp(606): warning C4244: '=' : 'float'에서 'int'(으)로 변환하면서 데이터가 손실될 수 있습니다.
     1>main.cpp(607): warning C4244: '=' : 'float'에서 'int'(으)로 변환하면서 데이터가 손실될 수 있습니다.
     1>main.cpp(608): warning C4244: '=' : 'float'에서 'int'(으)로 변환하면서 데이터가 손실될 수 있습니다.
     1>main.cpp(609): warning C4244: '=' : 'float'에서 'int'(으)로 변환하면서 데이터가 손실될 수 있습니다.
     1>main.cpp(611): warning C4244: '=' : 'float'에서 'int'(으)로 변환하면서 데이터가 손실될 수 있습니다.
     1>main.cpp(612): warning C4244: '=' : 'float'에서 'int'(으)로 변환하면서 데이터가 손실될 수 있습니다.
     1>main.cpp(613): warning C4244: '=' : 'float'에서 'int'(으)로 변환하면서 데이터가 손실될 수 있습니다.
     1>main.cpp(614): warning C4244: '=' : 'float'에서 'int'(으)로 변환하면서 데이터가 손실될 수 있습니다.
     1>main.cpp(615): warning C4244: '=' : 'float'에서 'int'(으)로 변환하면서 데이터가 손실될 수 있습니다.
     1>main.cpp(616): warning C4244: '=' : 'float'에서 'int'(으)로 변환하면서 데이터가 손실될 수 있습니다.
     1>main.cpp(617): warning C4244: '=' : 'float'에서 'int'(으)로 변환하면서 데이터가 손실될 수 있습니다.
     1>main.cpp(619): warning C4244: '=' : 'float'에서 'int'(으)로 변환하면서 데이터가 손실될 수 있습니다.
     1>main.cpp(620): warning C4244: '=' : 'float'에서 'int'(으)로 변환하면서 데이터가 손실될 수 있습니다.
     1>main.cpp(621): warning C4244: '=' : 'float'에서 'int'(으)로 변환하면서 데이터가 손실될 수 있습니다.
     1>main.cpp(622): warning C4244: '=' : 'float'에서 'int'(으)로 변환하면서 데이터가 손실될 수 있습니다.
     1>main.cpp(623): warning C4244: '=' : 'float'에서 'int'(으)로 변환하면서 데이터가 손실될 수 있습니다.
     1>main.cpp(624): warning C4244: '=' : 'float'에서 'int'(으)로 변환하면서 데이터가 손실될 수 있습니다.
     1>main.cpp(625): warning C4244: '=' : 'float'에서 'int'(으)로 변환하면서 데이터가 손실될 수 있습니다.
     1>main.cpp(630): warning C4244: '=' : 'float'에서 'int'(으)로 변환하면서 데이터가 손실될 수 있습니다.
     1>main.cpp(631): warning C4244: '=' : 'float'에서 'int'(으)로 변환하면서 데이터가 손실될 수 있습니다.
     1>main.cpp(633): warning C4244: '=' : 'float'에서 'int'(으)로 변환하면서 데이터가 손실될 수 있습니다.
     1>main.cpp(634): warning C4244: '=' : 'float'에서 'int'(으)로 변환하면서 데이터가 손실될 수 있습니다.
     1>main.cpp(636): warning C4244: '=' : 'float'에서 'int'(으)로 변환하면서 데이터가 손실될 수 있습니다.
     1>main.cpp(637): warning C4244: '=' : 'float'에서 'int'(으)로 변환하면서 데이터가 손실될 수 있습니다.
     1>main.cpp(639): warning C4244: '=' : 'float'에서 'int'(으)로 변환하면서 데이터가 손실될 수 있습니다.
     1>main.cpp(640): warning C4244: '=' : 'float'에서 'int'(으)로 변환하면서 데이터가 손실될 수 있습니다.
     1>main.cpp(642): warning C4244: '=' : 'float'에서 'int'(으)로 변환하면서 데이터가 손실될 수 있습니다.
     1>main.cpp(643): warning C4244: '=' : 'float'에서 'int'(으)로 변환하면서 데이터가 손실될 수 있습니다.
     1>main.cpp(645): warning C4244: '=' : 'float'에서 'int'(으)로 변환하면서 데이터가 손실될 수 있습니다.
     1>main.cpp(647): warning C4244: '=' : 'float'에서 'int'(으)로 변환하면서 데이터가 손실될 수 있습니다.
     1>main.cpp(649): warning C4244: '=' : 'float'에서 'int'(으)로 변환하면서 데이터가 손실될 수 있습니다.
     1>main.cpp(650): warning C4244: '=' : 'float'에서 'int'(으)로 변환하면서 데이터가 손실될 수 있습니다.
     1>main.cpp(652): warning C4244: '=' : 'float'에서 'int'(으)로 변환하면서 데이터가 손실될 수 있습니다.
     1>main.cpp(654): warning C4244: '=' : 'float'에서 'int'(으)로 변환하면서 데이터가 손실될 수 있습니다.
     1>main.cpp(656): warning C4244: '=' : 'float'에서 'int'(으)로 변환하면서 데이터가 손실될 수 있습니다.
     1>main.cpp(657): warning C4244: '=' : 'float'에서 'int'(으)로 변환하면서 데이터가 손실될 수 있습니다.
     1>main.cpp(659): warning C4244: '=' : 'float'에서 'int'(으)로 변환하면서 데이터가 손실될 수 있습니다.
     1>main.cpp(660): warning C4244: '=' : 'float'에서 'int'(으)로 변환하면서 데이터가 손실될 수 있습니다.
     1>main.cpp(662): warning C4244: '=' : 'float'에서 'int'(으)로 변환하면서 데이터가 손실될 수 있습니다.
     1>main.cpp(663): warning C4244: '=' : 'float'에서 'int'(으)로 변환하면서 데이터가 손실될 수 있습니다.
     1>main.cpp(665): warning C4244: '=' : 'float'에서 'int'(으)로 변환하면서 데이터가 손실될 수 있습니다.
     1>main.cpp(666): warning C4244: '=' : 'float'에서 'int'(으)로 변환하면서 데이터가 손실될 수 있습니다.
     1>main.cpp(668): warning C4244: '=' : 'float'에서 'int'(으)로 변환하면서 데이터가 손실될 수 있습니다.
     1>main.cpp(669): warning C4244: '=' : 'float'에서 'int'(으)로 변환하면서 데이터가 손실될 수 있습니다.
     1>main.cpp(671): warning C4244: '=' : 'float'에서 'int'(으)로 변환하면서 데이터가 손실될 수 있습니다.
     1>main.cpp(672): warning C4244: '=' : 'float'에서 'int'(으)로 변환하면서 데이터가 손실될 수 있습니다.
     1>main.cpp(674): warning C4244: '=' : 'float'에서 'int'(으)로 변환하면서 데이터가 손실될 수 있습니다.
     1>main.cpp(675): warning C4244: '=' : 'float'에서 'int'(으)로 변환하면서 데이터가 손실될 수 있습니다.
     1>main.cpp(677): warning C4244: '=' : 'float'에서 'int'(으)로 변환하면서 데이터가 손실될 수 있습니다.
     1>main.cpp(678): warning C4244: '=' : 'float'에서 'int'(으)로 변환하면서 데이터가 손실될 수 있습니다.
     1>main.cpp(680): warning C4244: '=' : 'float'에서 'int'(으)로 변환하면서 데이터가 손실될 수 있습니다.
     1>main.cpp(681): warning C4244: '=' : 'float'에서 'int'(으)로 변환하면서 데이터가 손실될 수 있습니다.
     1>main.cpp(683): warning C4244: '=' : 'float'에서 'int'(으)로 변환하면서 데이터가 손실될 수 있습니다.
     1>main.cpp(684): warning C4244: '=' : 'float'에서 'int'(으)로 변환하면서 데이터가 손실될 수 있습니다.
     1>main.cpp(686): warning C4244: '=' : 'float'에서 'int'(으)로 변환하면서 데이터가 손실될 수 있습니다.
     1>main.cpp(687): warning C4244: '=' : 'float'에서 'int'(으)로 변환하면서 데이터가 손실될 수 있습니다.
     1>main.cpp(689): warning C4244: '=' : 'float'에서 'int'(으)로 변환하면서 데이터가 손실될 수 있습니다.
     1>main.cpp(690): warning C4244: '=' : 'float'에서 'int'(으)로 변환하면서 데이터가 손실될 수 있습니다.
     1>main.cpp(692): warning C4244: '=' : 'float'에서 'int'(으)로 변환하면서 데이터가 손실될 수 있습니다.
     1>main.cpp(693): warning C4244: '=' : 'float'에서 'int'(으)로 변환하면서 데이터가 손실될 수 있습니다.
     1>main.cpp(695): warning C4244: '=' : 'float'에서 'int'(으)로 변환하면서 데이터가 손실될 수 있습니다.
     1>main.cpp(696): warning C4244: '=' : 'float'에서 'int'(으)로 변환하면서 데이터가 손실될 수 있습니다.
     1>main.cpp(698): warning C4244: '=' : 'float'에서 'int'(으)로 변환하면서 데이터가 손실될 수 있습니다.
     1>main.cpp(699): warning C4244: '=' : 'float'에서 'int'(으)로 변환하면서 데이터가 손실될 수 있습니다.
     1>main.cpp(701): warning C4244: '=' : 'float'에서 'int'(으)로 변환하면서 데이터가 손실될 수 있습니다.
     1>main.cpp(702): warning C4244: '=' : 'float'에서 'int'(으)로 변환하면서 데이터가 손실될 수 있습니다.
     1>main.cpp(704): warning C4244: '=' : 'float'에서 'int'(으)로 변환하면서 데이터가 손실될 수 있습니다.
     1>main.cpp(705): warning C4244: '=' : 'float'에서 'int'(으)로 변환하면서 데이터가 손실될 수 있습니다.
     1>main.cpp(707): warning C4244: '=' : 'float'에서 'int'(으)로 변환하면서 데이터가 손실될 수 있습니다.
     1>main.cpp(708): warning C4244: '=' : 'float'에서 'int'(으)로 변환하면서 데이터가 손실될 수 있습니다.
     1>main.cpp(710): warning C4244: '=' : 'float'에서 'int'(으)로 변환하면서 데이터가 손실될 수 있습니다.
     1>main.cpp(711): warning C4244: '=' : 'float'에서 'int'(으)로 변환하면서 데이터가 손실될 수 있습니다.
     1>main.cpp(713): warning C4244: '=' : 'float'에서 'int'(으)로 변환하면서 데이터가 손실될 수 있습니다.
     1>main.cpp(714): warning C4244: '=' : 'float'에서 'int'(으)로 변환하면서 데이터가 손실될 수 있습니다.
     1>main.cpp(716): warning C4244: '=' : 'float'에서 'int'(으)로 변환하면서 데이터가 손실될 수 있습니다.
     1>main.cpp(717): warning C4244: '=' : 'float'에서 'int'(으)로 변환하면서 데이터가 손실될 수 있습니다.
     1>main.cpp(719): warning C4244: '=' : 'float'에서 'int'(으)로 변환하면서 데이터가 손실될 수 있습니다.
     1>main.cpp(720): warning C4244: '=' : 'float'에서 'int'(으)로 변환하면서 데이터가 손실될 수 있습니다.
     1>main.cpp(722): warning C4244: '=' : 'float'에서 'int'(으)로 변환하면서 데이터가 손실될 수 있습니다.
     1>main.cpp(723): warning C4244: '=' : 'float'에서 'int'(으)로 변환하면서 데이터가 손실될 수 있습니다.
     1>main.cpp(725): warning C4244: '=' : 'float'에서 'int'(으)로 변환하면서 데이터가 손실될 수 있습니다.
     1>main.cpp(726): warning C4244: '=' : 'float'에서 'int'(으)로 변환하면서 데이터가 손실될 수 있습니다.
     1>main.cpp(728): warning C4244: '=' : 'float'에서 'int'(으)로 변환하면서 데이터가 손실될 수 있습니다.
     1>main.cpp(729): warning C4244: '=' : 'float'에서 'int'(으)로 변환하면서 데이터가 손실될 수 있습니다.
     1>main.cpp(731): warning C4244: '=' : 'float'에서 'int'(으)로 변환하면서 데이터가 손실될 수 있습니다.
     1>main.cpp(732): warning C4244: '=' : 'float'에서 'int'(으)로 변환하면서 데이터가 손실될 수 있습니다.
     1>main.cpp(734): warning C4244: '=' : 'float'에서 'int'(으)로 변환하면서 데이터가 손실될 수 있습니다.
     1>main.cpp(735): warning C4244: '=' : 'float'에서 'int'(으)로 변환하면서 데이터가 손실될 수 있습니다.
     1>main.cpp(737): warning C4244: '=' : 'float'에서 'int'(으)로 변환하면서 데이터가 손실될 수 있습니다.
     1>main.cpp(738): warning C4244: '=' : 'float'에서 'int'(으)로 변환하면서 데이터가 손실될 수 있습니다.
     1>main.cpp(740): warning C4244: '=' : 'float'에서 'int'(으)로 변환하면서 데이터가 손실될 수 있습니다.
     1>main.cpp(741): warning C4244: '=' : 'float'에서 'int'(으)로 변환하면서 데이터가 손실될 수 있습니다.
     1>main.cpp(743): warning C4244: '=' : 'float'에서 'int'(으)로 변환하면서 데이터가 손실될 수 있습니다.
     1>main.cpp(744): warning C4244: '=' : 'float'에서 'int'(으)로 변환하면서 데이터가 손실될 수 있습니다.
     1>main.cpp(746): warning C4244: '=' : 'float'에서 'int'(으)로 변환하면서 데이터가 손실될 수 있습니다.
     1>main.cpp(747): warning C4244: '=' : 'float'에서 'int'(으)로 변환하면서 데이터가 손실될 수 있습니다.
     1>main.cpp(749): warning C4244: '=' : 'float'에서 'int'(으)로 변환하면서 데이터가 손실될 수 있습니다.
     1>main.cpp(750): warning C4244: '=' : 'float'에서 'int'(으)로 변환하면서 데이터가 손실될 수 있습니다.
     1>main.cpp(752): warning C4244: '=' : 'float'에서 'int'(으)로 변환하면서 데이터가 손실될 수 있습니다.
     1>main.cpp(753): warning C4244: '=' : 'float'에서 'int'(으)로 변환하면서 데이터가 손실될 수 있습니다.
     1>main.cpp(755): warning C4244: '=' : 'float'에서 'int'(으)로 변환하면서 데이터가 손실될 수 있습니다.
     1>main.cpp(756): warning C4244: '=' : 'float'에서 'int'(으)로 변환하면서 데이터가 손실될 수 있습니다.
     1>main.cpp(758): warning C4244: '=' : 'float'에서 'int'(으)로 변환하면서 데이터가 손실될 수 있습니다.
     1>main.cpp(759): warning C4244: '=' : 'float'에서 'int'(으)로 변환하면서 데이터가 손실될 수 있습니다.
     1>main.cpp(761): warning C4244: '=' : 'float'에서 'int'(으)로 변환하면서 데이터가 손실될 수 있습니다.
     1>main.cpp(762): warning C4244: '=' : 'float'에서 'int'(으)로 변환하면서 데이터가 손실될 수 있습니다.
     1>main.cpp(764): warning C4244: '=' : 'float'에서 'int'(으)로 변환하면서 데이터가 손실될 수 있습니다.
     1>main.cpp(765): warning C4244: '=' : 'float'에서 'int'(으)로 변환하면서 데이터가 손실될 수 있습니다.
     1>main.cpp(767): warning C4244: '=' : 'float'에서 'int'(으)로 변환하면서 데이터가 손실될 수 있습니다.
     1>main.cpp(768): warning C4244: '=' : 'float'에서 'int'(으)로 변환하면서 데이터가 손실될 수 있습니다.
     1>main.cpp(770): warning C4244: '=' : 'float'에서 'int'(으)로 변환하면서 데이터가 손실될 수 있습니다.
     1>main.cpp(771): warning C4244: '=' : 'float'에서 'int'(으)로 변환하면서 데이터가 손실될 수 있습니다.
     1>main.cpp(773): warning C4244: '=' : 'float'에서 'int'(으)로 변환하면서 데이터가 손실될 수 있습니다.
     1>main.cpp(774): warning C4244: '=' : 'float'에서 'int'(으)로 변환하면서 데이터가 손실될 수 있습니다.
     1>main.cpp(776): warning C4244: '=' : 'float'에서 'int'(으)로 변환하면서 데이터가 손실될 수 있습니다.
     1>main.cpp(777): warning C4244: '=' : 'float'에서 'int'(으)로 변환하면서 데이터가 손실될 수 있습니다.
     1>main.cpp(779): warning C4244: '=' : 'float'에서 'int'(으)로 변환하면서 데이터가 손실될 수 있습니다.
     1>main.cpp(780): warning C4244: '=' : 'float'에서 'int'(으)로 변환하면서 데이터가 손실될 수 있습니다.
     1>main.cpp(782): warning C4244: '=' : 'float'에서 'int'(으)로 변환하면서 데이터가 손실될 수 있습니다.
     1>main.cpp(783): warning C4244: '=' : 'float'에서 'int'(으)로 변환하면서 데이터가 손실될 수 있습니다.
     1>main.cpp(785): warning C4244: '=' : 'float'에서 'int'(으)로 변환하면서 데이터가 손실될 수 있습니다.
     1>main.cpp(786): warning C4244: '=' : 'float'에서 'int'(으)로 변환하면서 데이터가 손실될 수 있습니다.
     1>main.cpp(788): warning C4244: '=' : 'float'에서 'int'(으)로 변환하면서 데이터가 손실될 수 있습니다.
     1>main.cpp(789): warning C4244: '=' : 'float'에서 'int'(으)로 변환하면서 데이터가 손실될 수 있습니다.
     1>main.cpp(791): warning C4244: '=' : 'float'에서 'int'(으)로 변환하면서 데이터가 손실될 수 있습니다.
     1>main.cpp(792): warning C4244: '=' : 'float'에서 'int'(으)로 변환하면서 데이터가 손실될 수 있습니다.
     1>main.cpp(794): warning C4244: '=' : 'float'에서 'int'(으)로 변환하면서 데이터가 손실될 수 있습니다.
     1>main.cpp(795): warning C4244: '=' : 'float'에서 'int'(으)로 변환하면서 데이터가 손실될 수 있습니다.
     1>main.cpp(797): warning C4244: '=' : 'float'에서 'int'(으)로 변환하면서 데이터가 손실될 수 있습니다.
     1>main.cpp(798): warning C4244: '=' : 'float'에서 'int'(으)로 변환하면서 데이터가 손실될 수 있습니다.
       Link:
         C:\Program Files (x86)\Microsoft Visual Studio 12.0\VC\bin\link.exe /ERRORREPORT:PROMPT /OUT:"c:\users\nfs\documents\visual studio 2013\Projects\FaceWarping\Release\FaceWarping.exe" /NOLOGO /LIBPATH:C:\opencv\build\x86\vc12\lib /LIBPATH:"..\dlib-18.16\build\Release" kernel32.lib user32.lib gdi32.lib winspool.lib comdlg32.lib advapi32.lib shell32.lib ole32.lib oleaut32.lib uuid.lib odbc32.lib odbccp32.lib opencv_calib3d2412.lib opencv_contrib2412.lib opencv_core2412.lib opencv_features2d2412.lib opencv_flann2412.lib opencv_gpu2412.lib opencv_highgui2412.lib opencv_imgproc2412.lib opencv_legacy2412.lib opencv_ml2412.lib opencv_nonfree2412.lib opencv_objdetect2412.lib opencv_ocl2412.lib opencv_photo2412.lib opencv_stitching2412.lib opencv_superres2412.lib opencv_ts2412.lib opencv_video2412.lib opencv_videostab2412.lib kernel32.lib user32.lib gdi32.lib winspool.lib comdlg32.lib advapi32.lib shell32.lib ole32.lib oleaut32.lib uuid.lib odbc32.lib odbccp32.lib /MANIFEST /MANIFESTUAC:"level='asInvoker' uiAccess='false'" /manifest:embed /DEBUG /PDB:"c:\users\nfs\documents\visual studio 2013\Projects\FaceWarping\Release\FaceWarping.pdb" /OPT:REF /OPT:ICF /LTCG /TLBID:1 /DYNAMICBASE /NXCOMPAT /IMPLIB:"c:\users\nfs\documents\visual studio 2013\Projects\FaceWarping\Release\FaceWarping.lib" /MACHINE:X86 /SAFESEH Release\main.obj
         Release\warping.obj
         코드를 생성하고 있습니다.
         코드를 생성했습니다.
         FaceWarping.vcxproj -> c:\users\nfs\documents\visual studio 2013\Projects\FaceWarping\Release\FaceWarping.exe
     1>"c:\Users\NFS\documents\visual studio 2013\Projects\FaceWarping\FaceWarping\FaceWarping.vcxproj" 프로젝트를 빌드했습니다(Build 대상).

빌드했습니다.

경과 시간: 00:00:11.05
